<?xml version="1.0" encoding="UTF-8"?>
<Site BuildName="Darwin-clang++"
	BuildStamp="20230913-0722-Experimental"
	Name="MacBook-Pro-Anton-2.local"
	Generator="ctest-3.27.1"
	CompilerName="/usr/bin/clang++"
	CompilerVersion="14.0.3.14030022"
	OSName="macOS"
	Hostname="MacBook-Pro-Anton-2.local"
	OSRelease="13.5.2"
	OSVersion="22G91"
	OSPlatform="arm64"
	Is64Bits="1"
	VendorString="IBM"
	VendorID="IBM"
	FamilyID="16777228"
	ModelID="2"
	ProcessorCacheSize="131072"
	NumberOfLogicalCPU="8"
	NumberOfPhysicalCPU="8"
	TotalVirtualMemory="0"
	TotalPhysicalMemory="16384"
	LogicalProcessorsPerPhysical="8"
	ProcessorClockFrequency="0"
	>
	<Testing>
		<StartDateTime>Sep 13 10:22 MSK</StartDateTime>
		<StartTestTime>1694589769</StartTestTime>
		<TestList/>
		<EndDateTime>Sep 13 10:22 MSK</EndDateTime>
		<EndTestTime>1694589769</EndTestTime>
		<ElapsedMinutes>0</ElapsedMinutes>
	</Testing>
</Site>
