<?xml version="1.0" encoding="UTF-8"?>
<Site BuildName="Darwin-clang++"
	BuildStamp="20230927-1801-Experimental"
	Name="MacBook-Pro-Anton-2.local"
	Generator="ctest-3.27.1"
	CompilerName="/usr/bin/clang++"
	CompilerVersion="14.0.3.14030022"
	OSName="macOS"
	Hostname="MBP-Anton-2"
	OSRelease="13.6"
	OSVersion="22G120"
	OSPlatform="arm64"
	Is64Bits="1"
	VendorString="IBM"
	VendorID="IBM"
	FamilyID="16777228"
	ModelID="2"
	ProcessorCacheSize="131072"
	NumberOfLogicalCPU="8"
	NumberOfPhysicalCPU="8"
	TotalVirtualMemory="0"
	TotalPhysicalMemory="16384"
	LogicalProcessorsPerPhysical="8"
	ProcessorClockFrequency="0"
	>
	<Testing>
		<StartDateTime>Sep 27 23:48 MSK</StartDateTime>
		<StartTestTime>1695847721</StartTestTime>
		<TestList/>
		<EndDateTime>Sep 27 23:48 MSK</EndDateTime>
		<EndTestTime>1695847721</EndTestTime>
		<ElapsedMinutes>0</ElapsedMinutes>
	</Testing>
</Site>
